<?xml version="1.0" encoding="UTF-8"?>
<!-- Generated by org.testng.reporters.JUnitXMLReporter -->
<testsuite ignored="0" hostname="HiteshJHPJLenovoPP" failures="0" tests="1" name="Test" time="49.393" errors="0" timestamp="20 Nov 2018 04:10:19 GMT">
  <testcase classname="tests.NewTest" name="@BeforeClass beforeClass" time="49.318">
    <failure type="org.openqa.selenium.WebDriverException" message="Failed to connect to binary FirefoxBinary(C:\Program Files\Mozilla Firefox\firefox.exe) on port 7055; process output follows: 
s.manager	DEBUG	Registering shutdown blocker for GMPProvider
1542686976118	addons.manager	DEBUG	Provider finished startup: GMPProvider
1542686976118	addons.manager	DEBUG	Starting provider: PluginProvider
1542686976118	addons.manager	DEBUG	Registering shutdown blocker for PluginProvider
1542686976118	addons.manager	DEBUG	Provider finished startup: PluginProvider
1542686976135	addons.manager	DEBUG	Completed startup sequence
1542686980031	addons.repository	DEBUG	No addons.json found.
1542686981797	addons.manager	DEBUG	Registering upgrade listener for formautofill@mozilla.org
1542686982315	addons.xpi	DEBUG	Ignoring file: name is not a valid add-on ID: C:\Users\Crest\AppData\Local\Temp\anonymous11245952234351845218webdriver-profile\extensions\webdriver-staging
1542686982316	addons.xpi	DEBUG	Existing add-on aushelper@mozilla.org in app-system-defaults
1542686982316	addons.xpi	DEBUG	Existing add-on firefox@getpocket.com in app-system-defaults
1542686982316	addons.xpi	DEBUG	Existing add-on formautofill@mozilla.org in app-system-defaults
1542686982317	addons.xpi	DEBUG	Existing add-on onboarding@mozilla.org in app-system-defaults
1542686982317	addons.xpi	DEBUG	Existing add-on screenshots@mozilla.org in app-system-defaults
1542686982317	addons.xpi	DEBUG	Existing add-on webcompat-reporter@mozilla.org in app-system-defaults
1542686982317	addons.xpi	DEBUG	Existing add-on webcompat@mozilla.org in app-system-defaults
1542686982318	addons.xpi	DEBUG	scanForChanges changed: false, state: {}
JavaScript error: resource://gre/modules/addons/XPIProvider.jsm, line 2600: TypeError: addon is null
1542687011922	addons.xpi	DEBUG	Calling bootstrap method shutdown on webcompat@mozilla.org version 2.0.1
1542687011923	addons.xpi	DEBUG	Calling bootstrap method shutdown on webcompat-reporter@mozilla.org version 1.0.0
1542687011924	addons.xpi	DEBUG	Calling bootstrap method shutdown on screenshots@mozilla.org version 33.0.0
1542687011934	addons.xpi	DEBUG	Calling bootstrap method shutdown on onboarding@mozilla.org version 1.0
1542687011936	addons.xpi	DEBUG	Calling bootstrap method shutdown on formautofill@mozilla.org version 1.0
1542687011958	addons.xpi	DEBUG	Calling bootstrap method shutdown on firefox@getpocket.com version 1.0.5
1542687011960	addons.xpi	DEBUG	Calling bootstrap method shutdown on aushelper@mozilla.org version 2.0
[Child 7732, Chrome_ChildThread] WARNING: pipe error: 109: file z:/build/build/src/ipc/chromium/src/chrome/common/ipc_channel_win.cc, line 346
[Child 7732, Chrome_ChildThread] WARNING: pipe error: 109: file z:/build/build/src/ipc/chromium/src/chrome/common/ipc_channel_win.cc, line 346
[Child 13080, Chrome_ChildThread] WARNING: pipe error: 109: file z:/build/build/src/ipc/chromium/src/chrome/common/ipc_channel_win.cc, line 346
[Child 13080, Chrome_ChildThread] WARNING: pipe error: 109: file z:/build/build/src/ipc/chromium/src/chrome/common/ipc_channel_win.cc, line 346
[Parent 4936, Gecko_IOThread] WARNING: pipe error: 109: file z:/build/build/src/ipc/chromium/src/chrome/common/ipc_channel_win.cc, line 346
[Child 6904, Chrome_ChildThread] WARNING: pipe error: 109: file z:/build/build/src/ipc/chromium/src/chrome/common/ipc_channel_win.cc, line 346
[Child 6904, Chrome_ChildThread] WARNING: pipe error: 109: file z:/build/build/src/ipc/chromium/src/chrome/common/ipc_channel_win.cc, line 346
1542687012770	addons.manager	DEBUG	shutdown
1542687012771	addons.manager	DEBUG	Calling shutdown blocker for XPIProvider
1542687012772	addons.xpi	DEBUG	shutdown
1542687012772	addons.xpi-utils	DEBUG	shutdown
1542687012772	addons.manager	DEBUG	Calling shutdown blocker for LightweightThemeManager
1542687012773	addons.manager	DEBUG	Calling shutdown blocker for GMPProvider
1542687012774	addons.manager	DEBUG	Calling shutdown blocker for PluginProvider
1542687012779	addons.manager	DEBUG	Async provider shutdown done

###!!! [Child][RunMessage] Error: Channel closing: too late to send/recv, messages will be lost

[GPU 9084, Chrome_
###!!! [Child][MessageChannel::SendAndWait] Error: Channel error: cannot send/recv


Build info: version: &amp;apos;2.53.1&amp;apos;, revision: &amp;apos;a36b8b1cd5757287168e54b817830adce9b0158d&amp;apos;, time: &amp;apos;2016-06-30 19:26:09&amp;apos;
System info: host: &amp;apos;HiteshJHPJLenovoPP&amp;apos;, ip: &amp;apos;10.0.10.67&amp;apos;, os.name: &amp;apos;Windows 10&amp;apos;, os.arch: &amp;apos;amd64&amp;apos;, os.version: &amp;apos;10.0&amp;apos;, java.version: &amp;apos;10&amp;apos;
Driver info: driver.version: FirefoxDriver">
      <![CDATA[org.openqa.selenium.WebDriverException: Failed to connect to binary FirefoxBinary(C:\Program Files\Mozilla Firefox\firefox.exe) on port 7055; process output follows: 
s.managerDEBUGRegistering shutdown blocker for GMPProvider
1542686976118addons.managerDEBUGProvider finished startup: GMPProvider
1542686976118addons.managerDEBUGStarting provider: PluginProvider
1542686976118addons.managerDEBUGRegistering shutdown blocker for PluginProvider
1542686976118addons.managerDEBUGProvider finished startup: PluginProvider
1542686976135addons.managerDEBUGCompleted startup sequence
1542686980031addons.repositoryDEBUGNo addons.json found.
1542686981797addons.managerDEBUGRegistering upgrade listener for formautofill@mozilla.org
1542686982315addons.xpiDEBUGIgnoring file: name is not a valid add-on ID: C:\Users\Crest\AppData\Local\Temp\anonymous11245952234351845218webdriver-profile\extensions\webdriver-staging
1542686982316addons.xpiDEBUGExisting add-on aushelper@mozilla.org in app-system-defaults
1542686982316addons.xpiDEBUGExisting add-on firefox@getpocket.com in app-system-defaults
1542686982316addons.xpiDEBUGExisting add-on formautofill@mozilla.org in app-system-defaults
1542686982317addons.xpiDEBUGExisting add-on onboarding@mozilla.org in app-system-defaults
1542686982317addons.xpiDEBUGExisting add-on screenshots@mozilla.org in app-system-defaults
1542686982317addons.xpiDEBUGExisting add-on webcompat-reporter@mozilla.org in app-system-defaults
1542686982317addons.xpiDEBUGExisting add-on webcompat@mozilla.org in app-system-defaults
1542686982318addons.xpiDEBUGscanForChanges changed: false, state: {}
JavaScript error: resource://gre/modules/addons/XPIProvider.jsm, line 2600: TypeError: addon is null
1542687011922addons.xpiDEBUGCalling bootstrap method shutdown on webcompat@mozilla.org version 2.0.1
1542687011923addons.xpiDEBUGCalling bootstrap method shutdown on webcompat-reporter@mozilla.org version 1.0.0
1542687011924addons.xpiDEBUGCalling bootstrap method shutdown on screenshots@mozilla.org version 33.0.0
1542687011934addons.xpiDEBUGCalling bootstrap method shutdown on onboarding@mozilla.org version 1.0
1542687011936addons.xpiDEBUGCalling bootstrap method shutdown on formautofill@mozilla.org version 1.0
1542687011958addons.xpiDEBUGCalling bootstrap method shutdown on firefox@getpocket.com version 1.0.5
1542687011960addons.xpiDEBUGCalling bootstrap method shutdown on aushelper@mozilla.org version 2.0
[Child 7732, Chrome_ChildThread] WARNING: pipe error: 109: file z:/build/build/src/ipc/chromium/src/chrome/common/ipc_channel_win.cc, line 346
[Child 7732, Chrome_ChildThread] WARNING: pipe error: 109: file z:/build/build/src/ipc/chromium/src/chrome/common/ipc_channel_win.cc, line 346
[Child 13080, Chrome_ChildThread] WARNING: pipe error: 109: file z:/build/build/src/ipc/chromium/src/chrome/common/ipc_channel_win.cc, line 346
[Child 13080, Chrome_ChildThread] WARNING: pipe error: 109: file z:/build/build/src/ipc/chromium/src/chrome/common/ipc_channel_win.cc, line 346
[Parent 4936, Gecko_IOThread] WARNING: pipe error: 109: file z:/build/build/src/ipc/chromium/src/chrome/common/ipc_channel_win.cc, line 346
[Child 6904, Chrome_ChildThread] WARNING: pipe error: 109: file z:/build/build/src/ipc/chromium/src/chrome/common/ipc_channel_win.cc, line 346
[Child 6904, Chrome_ChildThread] WARNING: pipe error: 109: file z:/build/build/src/ipc/chromium/src/chrome/common/ipc_channel_win.cc, line 346
1542687012770addons.managerDEBUGshutdown
1542687012771addons.managerDEBUGCalling shutdown blocker for XPIProvider
1542687012772addons.xpiDEBUGshutdown
1542687012772addons.xpi-utilsDEBUGshutdown
1542687012772addons.managerDEBUGCalling shutdown blocker for LightweightThemeManager
1542687012773addons.managerDEBUGCalling shutdown blocker for GMPProvider
1542687012774addons.managerDEBUGCalling shutdown blocker for PluginProvider
1542687012779addons.managerDEBUGAsync provider shutdown done

###!!! [Child][RunMessage] Error: Channel closing: too late to send/recv, messages will be lost

[GPU 9084, Chrome_
###!!! [Child][MessageChannel::SendAndWait] Error: Channel error: cannot send/recv


Build info: version: '2.53.1', revision: 'a36b8b1cd5757287168e54b817830adce9b0158d', time: '2016-06-30 19:26:09'
System info: host: 'HiteshJHPJLenovoPP', ip: '10.0.10.67', os.name: 'Windows 10', os.arch: 'amd64', os.version: '10.0', java.version: '10'
Driver info: driver.version: FirefoxDriver
at org.openqa.selenium.firefox.internal.NewProfileExtensionConnection.start(NewProfileExtensionConnection.java:125)
at org.openqa.selenium.firefox.FirefoxDriver.startClient(FirefoxDriver.java:271)
at org.openqa.selenium.remote.RemoteWebDriver.<init>(RemoteWebDriver.java:119)
at org.openqa.selenium.firefox.FirefoxDriver.<init>(FirefoxDriver.java:216)
at org.openqa.selenium.firefox.FirefoxDriver.<init>(FirefoxDriver.java:211)
at org.openqa.selenium.firefox.FirefoxDriver.<init>(FirefoxDriver.java:207)
at org.openqa.selenium.firefox.FirefoxDriver.<init>(FirefoxDriver.java:120)
at tests.NewTest.beforeClass(NewTest.java:22)
Caused by: org.openqa.selenium.firefox.NotConnectedException: Unable to connect to host 127.0.0.1 on port 7055 after 45000 ms. Firefox console output:
s.managerDEBUGRegistering shutdown blocker for GMPProvider
1542686976118addons.managerDEBUGProvider finished startup: GMPProvider
1542686976118addons.managerDEBUGStarting provider: PluginProvider
1542686976118addons.managerDEBUGRegistering shutdown blocker for PluginProvider
1542686976118addons.managerDEBUGProvider finished startup: PluginProvider
1542686976135addons.managerDEBUGCompleted startup sequence
1542686980031addons.repositoryDEBUGNo addons.json found.
1542686981797addons.managerDEBUGRegistering upgrade listener for formautofill@mozilla.org
1542686982315addons.xpiDEBUGIgnoring file: name is not a valid add-on ID: C:\Users\Crest\AppData\Local\Temp\anonymous11245952234351845218webdriver-profile\extensions\webdriver-staging
1542686982316addons.xpiDEBUGExisting add-on aushelper@mozilla.org in app-system-defaults
1542686982316addons.xpiDEBUGExisting add-on firefox@getpocket.com in app-system-defaults
1542686982316addons.xpiDEBUGExisting add-on formautofill@mozilla.org in app-system-defaults
1542686982317addons.xpiDEBUGExisting add-on onboarding@mozilla.org in app-system-defaults
1542686982317addons.xpiDEBUGExisting add-on screenshots@mozilla.org in app-system-defaults
1542686982317addons.xpiDEBUGExisting add-on webcompat-reporter@mozilla.org in app-system-defaults
1542686982317addons.xpiDEBUGExisting add-on webcompat@mozilla.org in app-system-defaults
1542686982318addons.xpiDEBUGscanForChanges changed: false, state: {}
JavaScript error: resource://gre/modules/addons/XPIProvider.jsm, line 2600: TypeError: addon is null
1542687011922addons.xpiDEBUGCalling bootstrap method shutdown on webcompat@mozilla.org version 2.0.1
1542687011923addons.xpiDEBUGCalling bootstrap method shutdown on webcompat-reporter@mozilla.org version 1.0.0
1542687011924addons.xpiDEBUGCalling bootstrap method shutdown on screenshots@mozilla.org version 33.0.0
1542687011934addons.xpiDEBUGCalling bootstrap method shutdown on onboarding@mozilla.org version 1.0
1542687011936addons.xpiDEBUGCalling bootstrap method shutdown on formautofill@mozilla.org version 1.0
1542687011958addons.xpiDEBUGCalling bootstrap method shutdown on firefox@getpocket.com version 1.0.5
1542687011960addons.xpiDEBUGCalling bootstrap method shutdown on aushelper@mozilla.org version 2.0
[Child 7732, Chrome_ChildThread] WARNING: pipe error: 109: file z:/build/build/src/ipc/chromium/src/chrome/common/ipc_channel_win.cc, line 346
[Child 7732, Chrome_ChildThread] WARNING: pipe error: 109: file z:/build/build/src/ipc/chromium/src/chrome/common/ipc_channel_win.cc, line 346
[Child 13080, Chrome_ChildThread] WARNING: pipe error: 109: file z:/build/build/src/ipc/chromium/src/chrome/common/ipc_channel_win.cc, line 346
[Child 13080, Chrome_ChildThread] WARNING: pipe error: 109: file z:/build/build/src/ipc/chromium/src/chrome/common/ipc_channel_win.cc, line 346
[Parent 4936, Gecko_IOThread] WARNING: pipe error: 109: file z:/build/build/src/ipc/chromium/src/chrome/common/ipc_channel_win.cc, line 346
[Child 6904, Chrome_ChildThread] WARNING: pipe error: 109: file z:/build/build/src/ipc/chromium/src/chrome/common/ipc_channel_win.cc, line 346
[Child 6904, Chrome_ChildThread] WARNING: pipe error: 109: file z:/build/build/src/ipc/chromium/src/chrome/common/ipc_channel_win.cc, line 346
1542687012770addons.managerDEBUGshutdown
1542687012771addons.managerDEBUGCalling shutdown blocker for XPIProvider
1542687012772addons.xpiDEBUGshutdown
1542687012772addons.xpi-utilsDEBUGshutdown
1542687012772addons.managerDEBUGCalling shutdown blocker for LightweightThemeManager
1542687012773addons.managerDEBUGCalling shutdown blocker for GMPProvider
1542687012774addons.managerDEBUGCalling shutdown blocker for PluginProvider
1542687012779addons.managerDEBUGAsync provider shutdown done

###!!! [Child][RunMessage] Error: Channel closing: too late to send/recv, messages will be lost

[GPU 9084, Chrome_
###!!! [Child][MessageChannel::SendAndWait] Error: Channel error: cannot send/recv


at org.openqa.selenium.firefox.internal.NewProfileExtensionConnection.start(NewProfileExtensionConnection.java:113)
... 33 more
... Removed 26 stack frames]]>
    </failure>
  </testcase> <!-- @BeforeClass beforeClass -->
  <testcase classname="tests.NewTest" name="@AfterClass afterClass" time="0.0">
    <skipped/>
  </testcase> <!-- @AfterClass afterClass -->
  <testcase classname="tests.NewTest" name="openMyBlog" time="0.0">
    <skipped/>
  </testcase> <!-- openMyBlog -->
</testsuite> <!-- Test -->
