<?xml version="1.0" encoding="UTF-8"?>
<testng-results ignored="0" total="1" passed="1" failed="0" skipped="0">
  <reporter-output>
  </reporter-output>
  <suite started-at="2018-11-22T06:38:10Z" name="Default suite" finished-at="2018-11-22T06:38:18Z" duration-ms="8451">
    <groups>
    </groups>
    <test started-at="2018-11-22T06:38:10Z" name="Default test" finished-at="2018-11-22T06:38:18Z" duration-ms="8451">
      <class name="tests.NewTest">
        <test-method is-config="true" signature="beforeClass()[pri:0, instance:tests.NewTest@242b836]" started-at="2018-11-22T06:38:10Z" name="beforeClass" finished-at="2018-11-22T06:38:14Z" duration-ms="4187" status="PASS">
          <reporter-output>
          </reporter-output>
        </test-method> <!-- beforeClass -->
        <test-method signature="CreateAPP()[pri:0, instance:tests.NewTest@242b836]" started-at="2018-11-22T06:38:14Z" name="CreateAPP" finished-at="2018-11-22T06:38:16Z" duration-ms="2321" status="PASS">
          <reporter-output>
          </reporter-output>
        </test-method> <!-- CreateAPP -->
        <test-method is-config="true" signature="afterClass()[pri:0, instance:tests.NewTest@242b836]" started-at="2018-11-22T06:38:16Z" name="afterClass" finished-at="2018-11-22T06:38:18Z" duration-ms="1902" status="PASS">
          <reporter-output>
          </reporter-output>
        </test-method> <!-- afterClass -->
      </class> <!-- tests.NewTest -->
    </test> <!-- Default test -->
  </suite> <!-- Default suite -->
</testng-results>
