<?xml version="1.0" encoding="UTF-8"?>
<testng-results ignored="0" total="1" passed="0" failed="0" skipped="1">
  <reporter-output>
  </reporter-output>
  <suite started-at="2018-11-20T04:09:30Z" name="Suite" finished-at="2018-11-20T04:10:19Z" duration-ms="49393">
    <groups>
    </groups>
    <test started-at="2018-11-20T04:09:30Z" name="Test" finished-at="2018-11-20T04:10:19Z" duration-ms="49393">
      <class name="tests.NewTest">
        <test-method is-config="true" signature="beforeClass()[pri:0, instance:tests.NewTest@47e2e487]" started-at="2018-11-20T04:09:30Z" name="beforeClass" finished-at="2018-11-20T04:10:19Z" duration-ms="49318" status="FAIL">
          <exception class="org.openqa.selenium.WebDriverException">
            <message>
              <![CDATA[Failed to connect to binary FirefoxBinary(C:\Program Files\Mozilla Firefox\firefox.exe) on port 7055; process output follows: 
s.managerDEBUGRegistering shutdown blocker for GMPProvider
1542686976118addons.managerDEBUGProvider finished startup: GMPProvider
1542686976118addons.managerDEBUGStarting provider: PluginProvider
1542686976118addons.managerDEBUGRegistering shutdown blocker for PluginProvider
1542686976118addons.managerDEBUGProvider finished startup: PluginProvider
1542686976135addons.managerDEBUGCompleted startup sequence
1542686980031addons.repositoryDEBUGNo addons.json found.
1542686981797addons.managerDEBUGRegistering upgrade listener for formautofill@mozilla.org
1542686982315addons.xpiDEBUGIgnoring file: name is not a valid add-on ID: C:\Users\Crest\AppData\Local\Temp\anonymous11245952234351845218webdriver-profile\extensions\webdriver-staging
1542686982316addons.xpiDEBUGExisting add-on aushelper@mozilla.org in app-system-defaults
1542686982316addons.xpiDEBUGExisting add-on firefox@getpocket.com in app-system-defaults
1542686982316addons.xpiDEBUGExisting add-on formautofill@mozilla.org in app-system-defaults
1542686982317addons.xpiDEBUGExisting add-on onboarding@mozilla.org in app-system-defaults
1542686982317addons.xpiDEBUGExisting add-on screenshots@mozilla.org in app-system-defaults
1542686982317addons.xpiDEBUGExisting add-on webcompat-reporter@mozilla.org in app-system-defaults
1542686982317addons.xpiDEBUGExisting add-on webcompat@mozilla.org in app-system-defaults
1542686982318addons.xpiDEBUGscanForChanges changed: false, state: {}
JavaScript error: resource://gre/modules/addons/XPIProvider.jsm, line 2600: TypeError: addon is null
1542687011922addons.xpiDEBUGCalling bootstrap method shutdown on webcompat@mozilla.org version 2.0.1
1542687011923addons.xpiDEBUGCalling bootstrap method shutdown on webcompat-reporter@mozilla.org version 1.0.0
1542687011924addons.xpiDEBUGCalling bootstrap method shutdown on screenshots@mozilla.org version 33.0.0
1542687011934addons.xpiDEBUGCalling bootstrap method shutdown on onboarding@mozilla.org version 1.0
1542687011936addons.xpiDEBUGCalling bootstrap method shutdown on formautofill@mozilla.org version 1.0
1542687011958addons.xpiDEBUGCalling bootstrap method shutdown on firefox@getpocket.com version 1.0.5
1542687011960addons.xpiDEBUGCalling bootstrap method shutdown on aushelper@mozilla.org version 2.0
[Child 7732, Chrome_ChildThread] WARNING: pipe error: 109: file z:/build/build/src/ipc/chromium/src/chrome/common/ipc_channel_win.cc, line 346
[Child 7732, Chrome_ChildThread] WARNING: pipe error: 109: file z:/build/build/src/ipc/chromium/src/chrome/common/ipc_channel_win.cc, line 346
[Child 13080, Chrome_ChildThread] WARNING: pipe error: 109: file z:/build/build/src/ipc/chromium/src/chrome/common/ipc_channel_win.cc, line 346
[Child 13080, Chrome_ChildThread] WARNING: pipe error: 109: file z:/build/build/src/ipc/chromium/src/chrome/common/ipc_channel_win.cc, line 346
[Parent 4936, Gecko_IOThread] WARNING: pipe error: 109: file z:/build/build/src/ipc/chromium/src/chrome/common/ipc_channel_win.cc, line 346
[Child 6904, Chrome_ChildThread] WARNING: pipe error: 109: file z:/build/build/src/ipc/chromium/src/chrome/common/ipc_channel_win.cc, line 346
[Child 6904, Chrome_ChildThread] WARNING: pipe error: 109: file z:/build/build/src/ipc/chromium/src/chrome/common/ipc_channel_win.cc, line 346
1542687012770addons.managerDEBUGshutdown
1542687012771addons.managerDEBUGCalling shutdown blocker for XPIProvider
1542687012772addons.xpiDEBUGshutdown
1542687012772addons.xpi-utilsDEBUGshutdown
1542687012772addons.managerDEBUGCalling shutdown blocker for LightweightThemeManager
1542687012773addons.managerDEBUGCalling shutdown blocker for GMPProvider
1542687012774addons.managerDEBUGCalling shutdown blocker for PluginProvider
1542687012779addons.managerDEBUGAsync provider shutdown done

###!!! [Child][RunMessage] Error: Channel closing: too late to send/recv, messages will be lost

[GPU 9084, Chrome_
###!!! [Child][MessageChannel::SendAndWait] Error: Channel error: cannot send/recv


Build info: version: '2.53.1', revision: 'a36b8b1cd5757287168e54b817830adce9b0158d', time: '2016-06-30 19:26:09'
System info: host: 'HiteshJHPJLenovoPP', ip: '10.0.10.67', os.name: 'Windows 10', os.arch: 'amd64', os.version: '10.0', java.version: '10'
Driver info: driver.version: FirefoxDriver]]>
            </message>
            <full-stacktrace>
              <![CDATA[org.openqa.selenium.WebDriverException: Failed to connect to binary FirefoxBinary(C:\Program Files\Mozilla Firefox\firefox.exe) on port 7055; process output follows: 
s.managerDEBUGRegistering shutdown blocker for GMPProvider
1542686976118addons.managerDEBUGProvider finished startup: GMPProvider
1542686976118addons.managerDEBUGStarting provider: PluginProvider
1542686976118addons.managerDEBUGRegistering shutdown blocker for PluginProvider
1542686976118addons.managerDEBUGProvider finished startup: PluginProvider
1542686976135addons.managerDEBUGCompleted startup sequence
1542686980031addons.repositoryDEBUGNo addons.json found.
1542686981797addons.managerDEBUGRegistering upgrade listener for formautofill@mozilla.org
1542686982315addons.xpiDEBUGIgnoring file: name is not a valid add-on ID: C:\Users\Crest\AppData\Local\Temp\anonymous11245952234351845218webdriver-profile\extensions\webdriver-staging
1542686982316addons.xpiDEBUGExisting add-on aushelper@mozilla.org in app-system-defaults
1542686982316addons.xpiDEBUGExisting add-on firefox@getpocket.com in app-system-defaults
1542686982316addons.xpiDEBUGExisting add-on formautofill@mozilla.org in app-system-defaults
1542686982317addons.xpiDEBUGExisting add-on onboarding@mozilla.org in app-system-defaults
1542686982317addons.xpiDEBUGExisting add-on screenshots@mozilla.org in app-system-defaults
1542686982317addons.xpiDEBUGExisting add-on webcompat-reporter@mozilla.org in app-system-defaults
1542686982317addons.xpiDEBUGExisting add-on webcompat@mozilla.org in app-system-defaults
1542686982318addons.xpiDEBUGscanForChanges changed: false, state: {}
JavaScript error: resource://gre/modules/addons/XPIProvider.jsm, line 2600: TypeError: addon is null
1542687011922addons.xpiDEBUGCalling bootstrap method shutdown on webcompat@mozilla.org version 2.0.1
1542687011923addons.xpiDEBUGCalling bootstrap method shutdown on webcompat-reporter@mozilla.org version 1.0.0
1542687011924addons.xpiDEBUGCalling bootstrap method shutdown on screenshots@mozilla.org version 33.0.0
1542687011934addons.xpiDEBUGCalling bootstrap method shutdown on onboarding@mozilla.org version 1.0
1542687011936addons.xpiDEBUGCalling bootstrap method shutdown on formautofill@mozilla.org version 1.0
1542687011958addons.xpiDEBUGCalling bootstrap method shutdown on firefox@getpocket.com version 1.0.5
1542687011960addons.xpiDEBUGCalling bootstrap method shutdown on aushelper@mozilla.org version 2.0
[Child 7732, Chrome_ChildThread] WARNING: pipe error: 109: file z:/build/build/src/ipc/chromium/src/chrome/common/ipc_channel_win.cc, line 346
[Child 7732, Chrome_ChildThread] WARNING: pipe error: 109: file z:/build/build/src/ipc/chromium/src/chrome/common/ipc_channel_win.cc, line 346
[Child 13080, Chrome_ChildThread] WARNING: pipe error: 109: file z:/build/build/src/ipc/chromium/src/chrome/common/ipc_channel_win.cc, line 346
[Child 13080, Chrome_ChildThread] WARNING: pipe error: 109: file z:/build/build/src/ipc/chromium/src/chrome/common/ipc_channel_win.cc, line 346
[Parent 4936, Gecko_IOThread] WARNING: pipe error: 109: file z:/build/build/src/ipc/chromium/src/chrome/common/ipc_channel_win.cc, line 346
[Child 6904, Chrome_ChildThread] WARNING: pipe error: 109: file z:/build/build/src/ipc/chromium/src/chrome/common/ipc_channel_win.cc, line 346
[Child 6904, Chrome_ChildThread] WARNING: pipe error: 109: file z:/build/build/src/ipc/chromium/src/chrome/common/ipc_channel_win.cc, line 346
1542687012770addons.managerDEBUGshutdown
1542687012771addons.managerDEBUGCalling shutdown blocker for XPIProvider
1542687012772addons.xpiDEBUGshutdown
1542687012772addons.xpi-utilsDEBUGshutdown
1542687012772addons.managerDEBUGCalling shutdown blocker for LightweightThemeManager
1542687012773addons.managerDEBUGCalling shutdown blocker for GMPProvider
1542687012774addons.managerDEBUGCalling shutdown blocker for PluginProvider
1542687012779addons.managerDEBUGAsync provider shutdown done

###!!! [Child][RunMessage] Error: Channel closing: too late to send/recv, messages will be lost

[GPU 9084, Chrome_
###!!! [Child][MessageChannel::SendAndWait] Error: Channel error: cannot send/recv


Build info: version: '2.53.1', revision: 'a36b8b1cd5757287168e54b817830adce9b0158d', time: '2016-06-30 19:26:09'
System info: host: 'HiteshJHPJLenovoPP', ip: '10.0.10.67', os.name: 'Windows 10', os.arch: 'amd64', os.version: '10.0', java.version: '10'
Driver info: driver.version: FirefoxDriver
at org.openqa.selenium.firefox.internal.NewProfileExtensionConnection.start(NewProfileExtensionConnection.java:125)
at org.openqa.selenium.firefox.FirefoxDriver.startClient(FirefoxDriver.java:271)
at org.openqa.selenium.remote.RemoteWebDriver.<init>(RemoteWebDriver.java:119)
at org.openqa.selenium.firefox.FirefoxDriver.<init>(FirefoxDriver.java:216)
at org.openqa.selenium.firefox.FirefoxDriver.<init>(FirefoxDriver.java:211)
at org.openqa.selenium.firefox.FirefoxDriver.<init>(FirefoxDriver.java:207)
at org.openqa.selenium.firefox.FirefoxDriver.<init>(FirefoxDriver.java:120)
at tests.NewTest.beforeClass(NewTest.java:22)
at java.base/jdk.internal.reflect.NativeMethodAccessorImpl.invoke0(Native Method)
at java.base/jdk.internal.reflect.NativeMethodAccessorImpl.invoke(NativeMethodAccessorImpl.java:62)
at java.base/jdk.internal.reflect.DelegatingMethodAccessorImpl.invoke(DelegatingMethodAccessorImpl.java:43)
at java.base/java.lang.reflect.Method.invoke(Method.java:564)
at org.testng.internal.MethodInvocationHelper.invokeMethod(MethodInvocationHelper.java:124)
at org.testng.internal.MethodInvocationHelper.invokeMethodConsideringTimeout(MethodInvocationHelper.java:59)
at org.testng.internal.Invoker.invokeConfigurationMethod(Invoker.java:455)
at org.testng.internal.Invoker.invokeConfigurations(Invoker.java:222)
at org.testng.internal.Invoker.invokeConfigurations(Invoker.java:142)
at org.testng.internal.TestMethodWorker.invokeBeforeClassMethods(TestMethodWorker.java:168)
at org.testng.internal.TestMethodWorker.run(TestMethodWorker.java:105)
at org.testng.TestRunner.privateRun(TestRunner.java:648)
at org.testng.TestRunner.run(TestRunner.java:505)
at org.testng.SuiteRunner.runTest(SuiteRunner.java:455)
at org.testng.SuiteRunner.runSequentially(SuiteRunner.java:450)
at org.testng.SuiteRunner.privateRun(SuiteRunner.java:415)
at org.testng.SuiteRunner.run(SuiteRunner.java:364)
at org.testng.SuiteRunnerWorker.runSuite(SuiteRunnerWorker.java:52)
at org.testng.SuiteRunnerWorker.run(SuiteRunnerWorker.java:84)
at org.testng.TestNG.runSuitesSequentially(TestNG.java:1208)
at org.testng.TestNG.runSuitesLocally(TestNG.java:1137)
at org.testng.TestNG.runSuites(TestNG.java:1049)
at org.testng.TestNG.run(TestNG.java:1017)
at org.testng.remote.AbstractRemoteTestNG.run(AbstractRemoteTestNG.java:114)
at org.testng.remote.RemoteTestNG.initAndRun(RemoteTestNG.java:251)
at org.testng.remote.RemoteTestNG.main(RemoteTestNG.java:77)
Caused by: org.openqa.selenium.firefox.NotConnectedException: Unable to connect to host 127.0.0.1 on port 7055 after 45000 ms. Firefox console output:
s.managerDEBUGRegistering shutdown blocker for GMPProvider
1542686976118addons.managerDEBUGProvider finished startup: GMPProvider
1542686976118addons.managerDEBUGStarting provider: PluginProvider
1542686976118addons.managerDEBUGRegistering shutdown blocker for PluginProvider
1542686976118addons.managerDEBUGProvider finished startup: PluginProvider
1542686976135addons.managerDEBUGCompleted startup sequence
1542686980031addons.repositoryDEBUGNo addons.json found.
1542686981797addons.managerDEBUGRegistering upgrade listener for formautofill@mozilla.org
1542686982315addons.xpiDEBUGIgnoring file: name is not a valid add-on ID: C:\Users\Crest\AppData\Local\Temp\anonymous11245952234351845218webdriver-profile\extensions\webdriver-staging
1542686982316addons.xpiDEBUGExisting add-on aushelper@mozilla.org in app-system-defaults
1542686982316addons.xpiDEBUGExisting add-on firefox@getpocket.com in app-system-defaults
1542686982316addons.xpiDEBUGExisting add-on formautofill@mozilla.org in app-system-defaults
1542686982317addons.xpiDEBUGExisting add-on onboarding@mozilla.org in app-system-defaults
1542686982317addons.xpiDEBUGExisting add-on screenshots@mozilla.org in app-system-defaults
1542686982317addons.xpiDEBUGExisting add-on webcompat-reporter@mozilla.org in app-system-defaults
1542686982317addons.xpiDEBUGExisting add-on webcompat@mozilla.org in app-system-defaults
1542686982318addons.xpiDEBUGscanForChanges changed: false, state: {}
JavaScript error: resource://gre/modules/addons/XPIProvider.jsm, line 2600: TypeError: addon is null
1542687011922addons.xpiDEBUGCalling bootstrap method shutdown on webcompat@mozilla.org version 2.0.1
1542687011923addons.xpiDEBUGCalling bootstrap method shutdown on webcompat-reporter@mozilla.org version 1.0.0
1542687011924addons.xpiDEBUGCalling bootstrap method shutdown on screenshots@mozilla.org version 33.0.0
1542687011934addons.xpiDEBUGCalling bootstrap method shutdown on onboarding@mozilla.org version 1.0
1542687011936addons.xpiDEBUGCalling bootstrap method shutdown on formautofill@mozilla.org version 1.0
1542687011958addons.xpiDEBUGCalling bootstrap method shutdown on firefox@getpocket.com version 1.0.5
1542687011960addons.xpiDEBUGCalling bootstrap method shutdown on aushelper@mozilla.org version 2.0
[Child 7732, Chrome_ChildThread] WARNING: pipe error: 109: file z:/build/build/src/ipc/chromium/src/chrome/common/ipc_channel_win.cc, line 346
[Child 7732, Chrome_ChildThread] WARNING: pipe error: 109: file z:/build/build/src/ipc/chromium/src/chrome/common/ipc_channel_win.cc, line 346
[Child 13080, Chrome_ChildThread] WARNING: pipe error: 109: file z:/build/build/src/ipc/chromium/src/chrome/common/ipc_channel_win.cc, line 346
[Child 13080, Chrome_ChildThread] WARNING: pipe error: 109: file z:/build/build/src/ipc/chromium/src/chrome/common/ipc_channel_win.cc, line 346
[Parent 4936, Gecko_IOThread] WARNING: pipe error: 109: file z:/build/build/src/ipc/chromium/src/chrome/common/ipc_channel_win.cc, line 346
[Child 6904, Chrome_ChildThread] WARNING: pipe error: 109: file z:/build/build/src/ipc/chromium/src/chrome/common/ipc_channel_win.cc, line 346
[Child 6904, Chrome_ChildThread] WARNING: pipe error: 109: file z:/build/build/src/ipc/chromium/src/chrome/common/ipc_channel_win.cc, line 346
1542687012770addons.managerDEBUGshutdown
1542687012771addons.managerDEBUGCalling shutdown blocker for XPIProvider
1542687012772addons.xpiDEBUGshutdown
1542687012772addons.xpi-utilsDEBUGshutdown
1542687012772addons.managerDEBUGCalling shutdown blocker for LightweightThemeManager
1542687012773addons.managerDEBUGCalling shutdown blocker for GMPProvider
1542687012774addons.managerDEBUGCalling shutdown blocker for PluginProvider
1542687012779addons.managerDEBUGAsync provider shutdown done

###!!! [Child][RunMessage] Error: Channel closing: too late to send/recv, messages will be lost

[GPU 9084, Chrome_
###!!! [Child][MessageChannel::SendAndWait] Error: Channel error: cannot send/recv


at org.openqa.selenium.firefox.internal.NewProfileExtensionConnection.start(NewProfileExtensionConnection.java:113)
... 33 more
]]>
            </full-stacktrace>
          </exception> <!-- org.openqa.selenium.WebDriverException -->
          <reporter-output>
          </reporter-output>
        </test-method> <!-- beforeClass -->
        <test-method signature="openMyBlog()[pri:0, instance:tests.NewTest@47e2e487]" started-at="2018-11-20T04:10:19Z" name="openMyBlog" finished-at="2018-11-20T04:10:19Z" duration-ms="0" status="SKIP">
          <exception class="org.openqa.selenium.WebDriverException">
            <message>
              <![CDATA[Failed to connect to binary FirefoxBinary(C:\Program Files\Mozilla Firefox\firefox.exe) on port 7055; process output follows: 
s.managerDEBUGRegistering shutdown blocker for GMPProvider
1542686976118addons.managerDEBUGProvider finished startup: GMPProvider
1542686976118addons.managerDEBUGStarting provider: PluginProvider
1542686976118addons.managerDEBUGRegistering shutdown blocker for PluginProvider
1542686976118addons.managerDEBUGProvider finished startup: PluginProvider
1542686976135addons.managerDEBUGCompleted startup sequence
1542686980031addons.repositoryDEBUGNo addons.json found.
1542686981797addons.managerDEBUGRegistering upgrade listener for formautofill@mozilla.org
1542686982315addons.xpiDEBUGIgnoring file: name is not a valid add-on ID: C:\Users\Crest\AppData\Local\Temp\anonymous11245952234351845218webdriver-profile\extensions\webdriver-staging
1542686982316addons.xpiDEBUGExisting add-on aushelper@mozilla.org in app-system-defaults
1542686982316addons.xpiDEBUGExisting add-on firefox@getpocket.com in app-system-defaults
1542686982316addons.xpiDEBUGExisting add-on formautofill@mozilla.org in app-system-defaults
1542686982317addons.xpiDEBUGExisting add-on onboarding@mozilla.org in app-system-defaults
1542686982317addons.xpiDEBUGExisting add-on screenshots@mozilla.org in app-system-defaults
1542686982317addons.xpiDEBUGExisting add-on webcompat-reporter@mozilla.org in app-system-defaults
1542686982317addons.xpiDEBUGExisting add-on webcompat@mozilla.org in app-system-defaults
1542686982318addons.xpiDEBUGscanForChanges changed: false, state: {}
JavaScript error: resource://gre/modules/addons/XPIProvider.jsm, line 2600: TypeError: addon is null
1542687011922addons.xpiDEBUGCalling bootstrap method shutdown on webcompat@mozilla.org version 2.0.1
1542687011923addons.xpiDEBUGCalling bootstrap method shutdown on webcompat-reporter@mozilla.org version 1.0.0
1542687011924addons.xpiDEBUGCalling bootstrap method shutdown on screenshots@mozilla.org version 33.0.0
1542687011934addons.xpiDEBUGCalling bootstrap method shutdown on onboarding@mozilla.org version 1.0
1542687011936addons.xpiDEBUGCalling bootstrap method shutdown on formautofill@mozilla.org version 1.0
1542687011958addons.xpiDEBUGCalling bootstrap method shutdown on firefox@getpocket.com version 1.0.5
1542687011960addons.xpiDEBUGCalling bootstrap method shutdown on aushelper@mozilla.org version 2.0
[Child 7732, Chrome_ChildThread] WARNING: pipe error: 109: file z:/build/build/src/ipc/chromium/src/chrome/common/ipc_channel_win.cc, line 346
[Child 7732, Chrome_ChildThread] WARNING: pipe error: 109: file z:/build/build/src/ipc/chromium/src/chrome/common/ipc_channel_win.cc, line 346
[Child 13080, Chrome_ChildThread] WARNING: pipe error: 109: file z:/build/build/src/ipc/chromium/src/chrome/common/ipc_channel_win.cc, line 346
[Child 13080, Chrome_ChildThread] WARNING: pipe error: 109: file z:/build/build/src/ipc/chromium/src/chrome/common/ipc_channel_win.cc, line 346
[Parent 4936, Gecko_IOThread] WARNING: pipe error: 109: file z:/build/build/src/ipc/chromium/src/chrome/common/ipc_channel_win.cc, line 346
[Child 6904, Chrome_ChildThread] WARNING: pipe error: 109: file z:/build/build/src/ipc/chromium/src/chrome/common/ipc_channel_win.cc, line 346
[Child 6904, Chrome_ChildThread] WARNING: pipe error: 109: file z:/build/build/src/ipc/chromium/src/chrome/common/ipc_channel_win.cc, line 346
1542687012770addons.managerDEBUGshutdown
1542687012771addons.managerDEBUGCalling shutdown blocker for XPIProvider
1542687012772addons.xpiDEBUGshutdown
1542687012772addons.xpi-utilsDEBUGshutdown
1542687012772addons.managerDEBUGCalling shutdown blocker for LightweightThemeManager
1542687012773addons.managerDEBUGCalling shutdown blocker for GMPProvider
1542687012774addons.managerDEBUGCalling shutdown blocker for PluginProvider
1542687012779addons.managerDEBUGAsync provider shutdown done

###!!! [Child][RunMessage] Error: Channel closing: too late to send/recv, messages will be lost

[GPU 9084, Chrome_
###!!! [Child][MessageChannel::SendAndWait] Error: Channel error: cannot send/recv


Build info: version: '2.53.1', revision: 'a36b8b1cd5757287168e54b817830adce9b0158d', time: '2016-06-30 19:26:09'
System info: host: 'HiteshJHPJLenovoPP', ip: '10.0.10.67', os.name: 'Windows 10', os.arch: 'amd64', os.version: '10.0', java.version: '10'
Driver info: driver.version: FirefoxDriver]]>
            </message>
            <full-stacktrace>
              <![CDATA[org.openqa.selenium.WebDriverException: Failed to connect to binary FirefoxBinary(C:\Program Files\Mozilla Firefox\firefox.exe) on port 7055; process output follows: 
s.managerDEBUGRegistering shutdown blocker for GMPProvider
1542686976118addons.managerDEBUGProvider finished startup: GMPProvider
1542686976118addons.managerDEBUGStarting provider: PluginProvider
1542686976118addons.managerDEBUGRegistering shutdown blocker for PluginProvider
1542686976118addons.managerDEBUGProvider finished startup: PluginProvider
1542686976135addons.managerDEBUGCompleted startup sequence
1542686980031addons.repositoryDEBUGNo addons.json found.
1542686981797addons.managerDEBUGRegistering upgrade listener for formautofill@mozilla.org
1542686982315addons.xpiDEBUGIgnoring file: name is not a valid add-on ID: C:\Users\Crest\AppData\Local\Temp\anonymous11245952234351845218webdriver-profile\extensions\webdriver-staging
1542686982316addons.xpiDEBUGExisting add-on aushelper@mozilla.org in app-system-defaults
1542686982316addons.xpiDEBUGExisting add-on firefox@getpocket.com in app-system-defaults
1542686982316addons.xpiDEBUGExisting add-on formautofill@mozilla.org in app-system-defaults
1542686982317addons.xpiDEBUGExisting add-on onboarding@mozilla.org in app-system-defaults
1542686982317addons.xpiDEBUGExisting add-on screenshots@mozilla.org in app-system-defaults
1542686982317addons.xpiDEBUGExisting add-on webcompat-reporter@mozilla.org in app-system-defaults
1542686982317addons.xpiDEBUGExisting add-on webcompat@mozilla.org in app-system-defaults
1542686982318addons.xpiDEBUGscanForChanges changed: false, state: {}
JavaScript error: resource://gre/modules/addons/XPIProvider.jsm, line 2600: TypeError: addon is null
1542687011922addons.xpiDEBUGCalling bootstrap method shutdown on webcompat@mozilla.org version 2.0.1
1542687011923addons.xpiDEBUGCalling bootstrap method shutdown on webcompat-reporter@mozilla.org version 1.0.0
1542687011924addons.xpiDEBUGCalling bootstrap method shutdown on screenshots@mozilla.org version 33.0.0
1542687011934addons.xpiDEBUGCalling bootstrap method shutdown on onboarding@mozilla.org version 1.0
1542687011936addons.xpiDEBUGCalling bootstrap method shutdown on formautofill@mozilla.org version 1.0
1542687011958addons.xpiDEBUGCalling bootstrap method shutdown on firefox@getpocket.com version 1.0.5
1542687011960addons.xpiDEBUGCalling bootstrap method shutdown on aushelper@mozilla.org version 2.0
[Child 7732, Chrome_ChildThread] WARNING: pipe error: 109: file z:/build/build/src/ipc/chromium/src/chrome/common/ipc_channel_win.cc, line 346
[Child 7732, Chrome_ChildThread] WARNING: pipe error: 109: file z:/build/build/src/ipc/chromium/src/chrome/common/ipc_channel_win.cc, line 346
[Child 13080, Chrome_ChildThread] WARNING: pipe error: 109: file z:/build/build/src/ipc/chromium/src/chrome/common/ipc_channel_win.cc, line 346
[Child 13080, Chrome_ChildThread] WARNING: pipe error: 109: file z:/build/build/src/ipc/chromium/src/chrome/common/ipc_channel_win.cc, line 346
[Parent 4936, Gecko_IOThread] WARNING: pipe error: 109: file z:/build/build/src/ipc/chromium/src/chrome/common/ipc_channel_win.cc, line 346
[Child 6904, Chrome_ChildThread] WARNING: pipe error: 109: file z:/build/build/src/ipc/chromium/src/chrome/common/ipc_channel_win.cc, line 346
[Child 6904, Chrome_ChildThread] WARNING: pipe error: 109: file z:/build/build/src/ipc/chromium/src/chrome/common/ipc_channel_win.cc, line 346
1542687012770addons.managerDEBUGshutdown
1542687012771addons.managerDEBUGCalling shutdown blocker for XPIProvider
1542687012772addons.xpiDEBUGshutdown
1542687012772addons.xpi-utilsDEBUGshutdown
1542687012772addons.managerDEBUGCalling shutdown blocker for LightweightThemeManager
1542687012773addons.managerDEBUGCalling shutdown blocker for GMPProvider
1542687012774addons.managerDEBUGCalling shutdown blocker for PluginProvider
1542687012779addons.managerDEBUGAsync provider shutdown done

###!!! [Child][RunMessage] Error: Channel closing: too late to send/recv, messages will be lost

[GPU 9084, Chrome_
###!!! [Child][MessageChannel::SendAndWait] Error: Channel error: cannot send/recv


Build info: version: '2.53.1', revision: 'a36b8b1cd5757287168e54b817830adce9b0158d', time: '2016-06-30 19:26:09'
System info: host: 'HiteshJHPJLenovoPP', ip: '10.0.10.67', os.name: 'Windows 10', os.arch: 'amd64', os.version: '10.0', java.version: '10'
Driver info: driver.version: FirefoxDriver
at org.openqa.selenium.firefox.internal.NewProfileExtensionConnection.start(NewProfileExtensionConnection.java:125)
at org.openqa.selenium.firefox.FirefoxDriver.startClient(FirefoxDriver.java:271)
at org.openqa.selenium.remote.RemoteWebDriver.<init>(RemoteWebDriver.java:119)
at org.openqa.selenium.firefox.FirefoxDriver.<init>(FirefoxDriver.java:216)
at org.openqa.selenium.firefox.FirefoxDriver.<init>(FirefoxDriver.java:211)
at org.openqa.selenium.firefox.FirefoxDriver.<init>(FirefoxDriver.java:207)
at org.openqa.selenium.firefox.FirefoxDriver.<init>(FirefoxDriver.java:120)
at tests.NewTest.beforeClass(NewTest.java:22)
at java.base/jdk.internal.reflect.NativeMethodAccessorImpl.invoke0(Native Method)
at java.base/jdk.internal.reflect.NativeMethodAccessorImpl.invoke(NativeMethodAccessorImpl.java:62)
at java.base/jdk.internal.reflect.DelegatingMethodAccessorImpl.invoke(DelegatingMethodAccessorImpl.java:43)
at java.base/java.lang.reflect.Method.invoke(Method.java:564)
at org.testng.internal.MethodInvocationHelper.invokeMethod(MethodInvocationHelper.java:124)
at org.testng.internal.MethodInvocationHelper.invokeMethodConsideringTimeout(MethodInvocationHelper.java:59)
at org.testng.internal.Invoker.invokeConfigurationMethod(Invoker.java:455)
at org.testng.internal.Invoker.invokeConfigurations(Invoker.java:222)
at org.testng.internal.Invoker.invokeConfigurations(Invoker.java:142)
at org.testng.internal.TestMethodWorker.invokeBeforeClassMethods(TestMethodWorker.java:168)
at org.testng.internal.TestMethodWorker.run(TestMethodWorker.java:105)
at org.testng.TestRunner.privateRun(TestRunner.java:648)
at org.testng.TestRunner.run(TestRunner.java:505)
at org.testng.SuiteRunner.runTest(SuiteRunner.java:455)
at org.testng.SuiteRunner.runSequentially(SuiteRunner.java:450)
at org.testng.SuiteRunner.privateRun(SuiteRunner.java:415)
at org.testng.SuiteRunner.run(SuiteRunner.java:364)
at org.testng.SuiteRunnerWorker.runSuite(SuiteRunnerWorker.java:52)
at org.testng.SuiteRunnerWorker.run(SuiteRunnerWorker.java:84)
at org.testng.TestNG.runSuitesSequentially(TestNG.java:1208)
at org.testng.TestNG.runSuitesLocally(TestNG.java:1137)
at org.testng.TestNG.runSuites(TestNG.java:1049)
at org.testng.TestNG.run(TestNG.java:1017)
at org.testng.remote.AbstractRemoteTestNG.run(AbstractRemoteTestNG.java:114)
at org.testng.remote.RemoteTestNG.initAndRun(RemoteTestNG.java:251)
at org.testng.remote.RemoteTestNG.main(RemoteTestNG.java:77)
Caused by: org.openqa.selenium.firefox.NotConnectedException: Unable to connect to host 127.0.0.1 on port 7055 after 45000 ms. Firefox console output:
s.managerDEBUGRegistering shutdown blocker for GMPProvider
1542686976118addons.managerDEBUGProvider finished startup: GMPProvider
1542686976118addons.managerDEBUGStarting provider: PluginProvider
1542686976118addons.managerDEBUGRegistering shutdown blocker for PluginProvider
1542686976118addons.managerDEBUGProvider finished startup: PluginProvider
1542686976135addons.managerDEBUGCompleted startup sequence
1542686980031addons.repositoryDEBUGNo addons.json found.
1542686981797addons.managerDEBUGRegistering upgrade listener for formautofill@mozilla.org
1542686982315addons.xpiDEBUGIgnoring file: name is not a valid add-on ID: C:\Users\Crest\AppData\Local\Temp\anonymous11245952234351845218webdriver-profile\extensions\webdriver-staging
1542686982316addons.xpiDEBUGExisting add-on aushelper@mozilla.org in app-system-defaults
1542686982316addons.xpiDEBUGExisting add-on firefox@getpocket.com in app-system-defaults
1542686982316addons.xpiDEBUGExisting add-on formautofill@mozilla.org in app-system-defaults
1542686982317addons.xpiDEBUGExisting add-on onboarding@mozilla.org in app-system-defaults
1542686982317addons.xpiDEBUGExisting add-on screenshots@mozilla.org in app-system-defaults
1542686982317addons.xpiDEBUGExisting add-on webcompat-reporter@mozilla.org in app-system-defaults
1542686982317addons.xpiDEBUGExisting add-on webcompat@mozilla.org in app-system-defaults
1542686982318addons.xpiDEBUGscanForChanges changed: false, state: {}
JavaScript error: resource://gre/modules/addons/XPIProvider.jsm, line 2600: TypeError: addon is null
1542687011922addons.xpiDEBUGCalling bootstrap method shutdown on webcompat@mozilla.org version 2.0.1
1542687011923addons.xpiDEBUGCalling bootstrap method shutdown on webcompat-reporter@mozilla.org version 1.0.0
1542687011924addons.xpiDEBUGCalling bootstrap method shutdown on screenshots@mozilla.org version 33.0.0
1542687011934addons.xpiDEBUGCalling bootstrap method shutdown on onboarding@mozilla.org version 1.0
1542687011936addons.xpiDEBUGCalling bootstrap method shutdown on formautofill@mozilla.org version 1.0
1542687011958addons.xpiDEBUGCalling bootstrap method shutdown on firefox@getpocket.com version 1.0.5
1542687011960addons.xpiDEBUGCalling bootstrap method shutdown on aushelper@mozilla.org version 2.0
[Child 7732, Chrome_ChildThread] WARNING: pipe error: 109: file z:/build/build/src/ipc/chromium/src/chrome/common/ipc_channel_win.cc, line 346
[Child 7732, Chrome_ChildThread] WARNING: pipe error: 109: file z:/build/build/src/ipc/chromium/src/chrome/common/ipc_channel_win.cc, line 346
[Child 13080, Chrome_ChildThread] WARNING: pipe error: 109: file z:/build/build/src/ipc/chromium/src/chrome/common/ipc_channel_win.cc, line 346
[Child 13080, Chrome_ChildThread] WARNING: pipe error: 109: file z:/build/build/src/ipc/chromium/src/chrome/common/ipc_channel_win.cc, line 346
[Parent 4936, Gecko_IOThread] WARNING: pipe error: 109: file z:/build/build/src/ipc/chromium/src/chrome/common/ipc_channel_win.cc, line 346
[Child 6904, Chrome_ChildThread] WARNING: pipe error: 109: file z:/build/build/src/ipc/chromium/src/chrome/common/ipc_channel_win.cc, line 346
[Child 6904, Chrome_ChildThread] WARNING: pipe error: 109: file z:/build/build/src/ipc/chromium/src/chrome/common/ipc_channel_win.cc, line 346
1542687012770addons.managerDEBUGshutdown
1542687012771addons.managerDEBUGCalling shutdown blocker for XPIProvider
1542687012772addons.xpiDEBUGshutdown
1542687012772addons.xpi-utilsDEBUGshutdown
1542687012772addons.managerDEBUGCalling shutdown blocker for LightweightThemeManager
1542687012773addons.managerDEBUGCalling shutdown blocker for GMPProvider
1542687012774addons.managerDEBUGCalling shutdown blocker for PluginProvider
1542687012779addons.managerDEBUGAsync provider shutdown done

###!!! [Child][RunMessage] Error: Channel closing: too late to send/recv, messages will be lost

[GPU 9084, Chrome_
###!!! [Child][MessageChannel::SendAndWait] Error: Channel error: cannot send/recv


at org.openqa.selenium.firefox.internal.NewProfileExtensionConnection.start(NewProfileExtensionConnection.java:113)
... 33 more
]]>
            </full-stacktrace>
          </exception> <!-- org.openqa.selenium.WebDriverException -->
          <reporter-output>
          </reporter-output>
        </test-method> <!-- openMyBlog -->
        <test-method is-config="true" signature="afterClass()[pri:0, instance:tests.NewTest@47e2e487]" started-at="2018-11-20T04:10:19Z" name="afterClass" finished-at="2018-11-20T04:10:19Z" duration-ms="0" status="SKIP">
          <reporter-output>
          </reporter-output>
        </test-method> <!-- afterClass -->
      </class> <!-- tests.NewTest -->
    </test> <!-- Test -->
  </suite> <!-- Suite -->
</testng-results>
